<?xml version="1.0" encoding="UTF-8"?>
<!-- Generated by org.testng.reporters.JUnitReportReporter -->
<testsuite skipped="0" hostname="C2C" name="automation" tests="1" failures="0" timestamp="2019-09-17T16:55:27 IST" time="5.547" errors="0">
  <testcase name="testLogin" time="5.547" classname="automation"/>
</testsuite> <!-- automation -->
