<?xml version="1.0" encoding="UTF-8"?>
<!-- Generated by org.testng.reporters.JUnitReportReporter -->
<testsuite skipped="0" hostname="C2C" name="automation" tests="1" failures="0" timestamp="2019-09-17T18:20:17 IST" time="9.029" errors="0">
  <testcase name="testLogin" time="9.029" classname="automation"/>
</testsuite> <!-- automation -->
