<?xml version="1.0" encoding="UTF-8"?>
<!-- Generated by org.testng.reporters.JUnitReportReporter -->
<testsuite skipped="0" hostname="C2C" name="automation" tests="1" failures="0" timestamp="2019-09-18T15:54:16 IST" time="14.533" errors="0">
  <testcase name="googleSearch" time="14.533" classname="automation"/>
</testsuite> <!-- automation -->
