<?xml version="1.0" encoding="UTF-8"?>
<!-- Generated by org.testng.reporters.JUnitReportReporter -->
<testsuite skipped="0" hostname="C2C" name="automation" tests="1" failures="0" timestamp="2019-09-18T18:10:05 IST" time="80.316" errors="0">
  <testcase name="googleSearch" time="80.316" classname="automation"/>
</testsuite> <!-- automation -->
